03-10 22:20:31 root       INFO     Root logger now logging to real_cam_dataset_2/dataset_generation.log
03-10 22:20:31 tools/generate_segmask_dataset.py INFO     Creating datasets
03-10 22:20:31 tools/generate_segmask_dataset.py INFO     Creating env took 0.004 sec
03-10 22:20:31 tools/generate_segmask_dataset.py INFO     State: 000000
03-10 22:20:31 HeapStateSpace INFO     Sampling from train
03-10 22:20:31 HeapStateSpace INFO     Sampling 7 objects
03-10 22:20:31 PybulletPhysicsEngine INFO     Exporting URDF for object ycb~cube_base
03-10 22:20:35 tools/generate_segmask_dataset.py INFO     State: 000001
03-10 22:20:36 HeapStateSpace INFO     Sampling from train
03-10 22:20:36 HeapStateSpace INFO     Sampling 2 objects
03-10 22:20:37 tools/generate_segmask_dataset.py INFO     State: 000002
03-10 22:20:37 HeapStateSpace INFO     Sampling from train
03-10 22:20:37 HeapStateSpace INFO     Sampling 9 objects
03-10 22:20:42 tools/generate_segmask_dataset.py INFO     State: 000003
03-10 22:20:42 HeapStateSpace INFO     Sampling from train
03-10 22:20:42 HeapStateSpace INFO     Sampling 5 objects
03-10 22:20:44 tools/generate_segmask_dataset.py INFO     State: 000004
03-10 22:20:44 HeapStateSpace INFO     Sampling from train
03-10 22:20:44 HeapStateSpace INFO     Sampling 10 objects
03-10 22:20:48 tools/generate_segmask_dataset.py INFO     State: 000005
03-10 22:20:48 HeapStateSpace INFO     Sampling from train
03-10 22:20:48 HeapStateSpace INFO     Sampling 4 objects
03-10 22:20:50 tools/generate_segmask_dataset.py INFO     State: 000006
03-10 22:20:50 HeapStateSpace INFO     Sampling from train
03-10 22:20:50 HeapStateSpace INFO     Sampling 8 objects
03-10 22:20:54 tools/generate_segmask_dataset.py INFO     State: 000007
03-10 22:20:54 HeapStateSpace INFO     Sampling from train
03-10 22:20:54 HeapStateSpace INFO     Sampling 7 objects
03-10 22:20:58 tools/generate_segmask_dataset.py INFO     State: 000008
03-10 22:20:58 HeapStateSpace INFO     Sampling from train
03-10 22:20:58 HeapStateSpace INFO     Sampling 10 objects
03-10 22:21:04 tools/generate_segmask_dataset.py INFO     State: 000009
03-10 22:21:04 HeapStateSpace INFO     Sampling from train
03-10 22:21:04 HeapStateSpace INFO     Sampling 6 objects
03-10 22:21:05 root       INFO     Dataset real_cam_dataset_2/state_tensors: Writing tensor 0 to disk
03-10 22:21:06 root       INFO     Dataset real_cam_dataset_2/image_tensors: Writing tensor 0 to disk
03-10 22:21:07 tools/generate_segmask_dataset.py INFO     Generated 10 image datapoints
03-10 22:21:07 tools/generate_segmask_dataset.py INFO     Mask dataset generation took 35.450 sec
